mode: set
github.com/ZupIT/charlescd/compass/internal/metricsgroup/metricsgroup.go:67.71,70.48 2 1
github.com/ZupIT/charlescd/compass/internal/metricsgroup/metricsgroup.go:79.2,79.39 1 1
github.com/ZupIT/charlescd/compass/internal/metricsgroup/metricsgroup.go:84.2,84.42 1 1
github.com/ZupIT/charlescd/compass/internal/metricsgroup/metricsgroup.go:89.2,89.12 1 1
github.com/ZupIT/charlescd/compass/internal/metricsgroup/metricsgroup.go:70.48,74.3 2 1
github.com/ZupIT/charlescd/compass/internal/metricsgroup/metricsgroup.go:74.8,74.40 1 1
github.com/ZupIT/charlescd/compass/internal/metricsgroup/metricsgroup.go:74.40,77.3 2 1
github.com/ZupIT/charlescd/compass/internal/metricsgroup/metricsgroup.go:79.39,82.3 2 1
github.com/ZupIT/charlescd/compass/internal/metricsgroup/metricsgroup.go:84.42,87.3 2 1
github.com/ZupIT/charlescd/compass/internal/metricsgroup/metricsgroup.go:110.36,112.2 1 0
github.com/ZupIT/charlescd/compass/internal/metricsgroup/metricsgroup.go:114.89,116.16 2 1
github.com/ZupIT/charlescd/compass/internal/metricsgroup/metricsgroup.go:121.2,121.62 1 1
github.com/ZupIT/charlescd/compass/internal/metricsgroup/metricsgroup.go:126.2,128.32 3 1
github.com/ZupIT/charlescd/compass/internal/metricsgroup/metricsgroup.go:133.2,136.16 3 1
github.com/ZupIT/charlescd/compass/internal/metricsgroup/metricsgroup.go:141.2,144.8 1 1
github.com/ZupIT/charlescd/compass/internal/metricsgroup/metricsgroup.go:116.16,119.3 1 0
github.com/ZupIT/charlescd/compass/internal/metricsgroup/metricsgroup.go:121.62,124.3 1 1
github.com/ZupIT/charlescd/compass/internal/metricsgroup/metricsgroup.go:128.32,131.3 1 1
github.com/ZupIT/charlescd/compass/internal/metricsgroup/metricsgroup.go:136.16,139.3 1 0
github.com/ZupIT/charlescd/compass/internal/metricsgroup/metricsgroup.go:147.81,150.16 3 1
github.com/ZupIT/charlescd/compass/internal/metricsgroup/metricsgroup.go:155.2,156.30 2 1
github.com/ZupIT/charlescd/compass/internal/metricsgroup/metricsgroup.go:150.16,153.3 1 1
github.com/ZupIT/charlescd/compass/internal/metricsgroup/metricsgroup.go:159.59,162.21 3 1
github.com/ZupIT/charlescd/compass/internal/metricsgroup/metricsgroup.go:166.2,166.27 1 1
github.com/ZupIT/charlescd/compass/internal/metricsgroup/metricsgroup.go:162.21,165.3 1 1
github.com/ZupIT/charlescd/compass/internal/metricsgroup/metricsgroup.go:169.93,172.21 3 1
github.com/ZupIT/charlescd/compass/internal/metricsgroup/metricsgroup.go:176.2,176.27 1 1
github.com/ZupIT/charlescd/compass/internal/metricsgroup/metricsgroup.go:172.21,175.3 1 1
github.com/ZupIT/charlescd/compass/internal/metricsgroup/metricsgroup.go:179.62,180.40 1 1
github.com/ZupIT/charlescd/compass/internal/metricsgroup/metricsgroup.go:186.2,186.14 1 1
github.com/ZupIT/charlescd/compass/internal/metricsgroup/metricsgroup.go:180.40,181.65 1 1
github.com/ZupIT/charlescd/compass/internal/metricsgroup/metricsgroup.go:181.65,183.4 1 0
github.com/ZupIT/charlescd/compass/internal/metricsgroup/metricsgroup.go:189.112,190.33 1 1
github.com/ZupIT/charlescd/compass/internal/metricsgroup/metricsgroup.go:194.2,194.63 1 1
github.com/ZupIT/charlescd/compass/internal/metricsgroup/metricsgroup.go:198.2,198.28 1 1
github.com/ZupIT/charlescd/compass/internal/metricsgroup/metricsgroup.go:190.33,192.3 1 0
github.com/ZupIT/charlescd/compass/internal/metricsgroup/metricsgroup.go:194.63,196.3 1 0
github.com/ZupIT/charlescd/compass/internal/metricsgroup/metricsgroup.go:201.86,206.20 4 1
github.com/ZupIT/charlescd/compass/internal/metricsgroup/metricsgroup.go:213.2,213.21 1 1
github.com/ZupIT/charlescd/compass/internal/metricsgroup/metricsgroup.go:218.2,218.38 1 1
github.com/ZupIT/charlescd/compass/internal/metricsgroup/metricsgroup.go:230.2,232.33 2 1
github.com/ZupIT/charlescd/compass/internal/metricsgroup/metricsgroup.go:206.20,208.3 1 1
github.com/ZupIT/charlescd/compass/internal/metricsgroup/metricsgroup.go:208.8,211.3 2 1
github.com/ZupIT/charlescd/compass/internal/metricsgroup/metricsgroup.go:213.21,216.3 1 1
github.com/ZupIT/charlescd/compass/internal/metricsgroup/metricsgroup.go:218.38,228.3 2 1
github.com/ZupIT/charlescd/compass/internal/metricsgroup/metricsgroup.go:235.76,237.59 1 1
github.com/ZupIT/charlescd/compass/internal/metricsgroup/metricsgroup.go:237.59,241.88 1 0
github.com/ZupIT/charlescd/compass/internal/metricsgroup/metricsgroup.go:245.3,245.44 1 0
github.com/ZupIT/charlescd/compass/internal/metricsgroup/metricsgroup.go:249.3,249.44 1 0
github.com/ZupIT/charlescd/compass/internal/metricsgroup/metricsgroup.go:253.3,253.82 1 0
github.com/ZupIT/charlescd/compass/internal/metricsgroup/metricsgroup.go:257.3,257.82 1 0
github.com/ZupIT/charlescd/compass/internal/metricsgroup/metricsgroup.go:261.3,261.99 1 0
github.com/ZupIT/charlescd/compass/internal/metricsgroup/metricsgroup.go:265.3,265.91 1 0
github.com/ZupIT/charlescd/compass/internal/metricsgroup/metricsgroup.go:241.88,243.4 1 0
github.com/ZupIT/charlescd/compass/internal/metricsgroup/metricsgroup.go:245.44,247.4 1 0
github.com/ZupIT/charlescd/compass/internal/metricsgroup/metricsgroup.go:249.44,251.4 1 0
github.com/ZupIT/charlescd/compass/internal/metricsgroup/metricsgroup.go:253.82,255.4 1 0
github.com/ZupIT/charlescd/compass/internal/metricsgroup/metricsgroup.go:257.82,259.4 1 0
github.com/ZupIT/charlescd/compass/internal/metricsgroup/metricsgroup.go:261.99,263.4 1 0
github.com/ZupIT/charlescd/compass/internal/metricsgroup/metricsgroup.go:270.79,272.21 2 1
github.com/ZupIT/charlescd/compass/internal/metricsgroup/metricsgroup.go:276.2,276.26 1 1
github.com/ZupIT/charlescd/compass/internal/metricsgroup/metricsgroup.go:272.21,275.3 1 1
github.com/ZupIT/charlescd/compass/internal/metricsgroup/metricsgroup.go:279.67,282.21 3 1
github.com/ZupIT/charlescd/compass/internal/metricsgroup/metricsgroup.go:286.2,286.26 1 1
github.com/ZupIT/charlescd/compass/internal/metricsgroup/metricsgroup.go:282.21,285.3 1 1
github.com/ZupIT/charlescd/compass/internal/metricsgroup/metricsgroup.go:289.96,292.21 3 1
github.com/ZupIT/charlescd/compass/internal/metricsgroup/metricsgroup.go:297.2,297.33 1 1
github.com/ZupIT/charlescd/compass/internal/metricsgroup/metricsgroup.go:310.2,310.27 1 1
github.com/ZupIT/charlescd/compass/internal/metricsgroup/metricsgroup.go:292.21,295.3 1 1
github.com/ZupIT/charlescd/compass/internal/metricsgroup/metricsgroup.go:297.33,299.17 2 1
github.com/ZupIT/charlescd/compass/internal/metricsgroup/metricsgroup.go:302.3,303.17 2 1
github.com/ZupIT/charlescd/compass/internal/metricsgroup/metricsgroup.go:306.3,307.39 2 1
github.com/ZupIT/charlescd/compass/internal/metricsgroup/metricsgroup.go:299.17,301.4 1 0
github.com/ZupIT/charlescd/compass/internal/metricsgroup/metricsgroup.go:303.17,305.4 1 0
github.com/ZupIT/charlescd/compass/internal/metricsgroup/metricsgroup.go:313.92,315.21 2 1
github.com/ZupIT/charlescd/compass/internal/metricsgroup/metricsgroup.go:319.2,319.26 1 1
github.com/ZupIT/charlescd/compass/internal/metricsgroup/metricsgroup.go:315.21,318.3 1 1
github.com/ZupIT/charlescd/compass/internal/metricsgroup/metricsgroup.go:322.96,324.21 2 1
github.com/ZupIT/charlescd/compass/internal/metricsgroup/metricsgroup.go:328.2,328.26 1 1
github.com/ZupIT/charlescd/compass/internal/metricsgroup/metricsgroup.go:324.21,327.3 1 1
github.com/ZupIT/charlescd/compass/internal/metricsgroup/metricsgroup.go:331.49,333.21 2 1
github.com/ZupIT/charlescd/compass/internal/metricsgroup/metricsgroup.go:337.2,337.12 1 1
github.com/ZupIT/charlescd/compass/internal/metricsgroup/metricsgroup.go:333.21,336.3 1 1
github.com/ZupIT/charlescd/compass/internal/metricsgroup/metricsgroup.go:340.122,343.16 3 1
github.com/ZupIT/charlescd/compass/internal/metricsgroup/metricsgroup.go:348.2,348.36 1 1
github.com/ZupIT/charlescd/compass/internal/metricsgroup/metricsgroup.go:352.2,352.44 1 1
github.com/ZupIT/charlescd/compass/internal/metricsgroup/metricsgroup.go:366.2,366.27 1 0
github.com/ZupIT/charlescd/compass/internal/metricsgroup/metricsgroup.go:343.16,346.3 1 1
github.com/ZupIT/charlescd/compass/internal/metricsgroup/metricsgroup.go:348.36,350.3 1 0
github.com/ZupIT/charlescd/compass/internal/metricsgroup/metricsgroup.go:352.44,355.17 2 1
github.com/ZupIT/charlescd/compass/internal/metricsgroup/metricsgroup.go:359.3,363.5 1 0
github.com/ZupIT/charlescd/compass/internal/metricsgroup/metricsgroup.go:355.17,357.4 1 1
github.com/ZupIT/charlescd/compass/internal/metricsgroup/metricsgroup.go:369.94,371.37 2 1
github.com/ZupIT/charlescd/compass/internal/metricsgroup/metricsgroup.go:385.2,385.28 1 0
github.com/ZupIT/charlescd/compass/internal/metricsgroup/metricsgroup.go:371.37,374.17 2 1
github.com/ZupIT/charlescd/compass/internal/metricsgroup/metricsgroup.go:378.3,382.5 1 0
github.com/ZupIT/charlescd/compass/internal/metricsgroup/metricsgroup.go:374.17,376.4 1 1
github.com/ZupIT/charlescd/compass/internal/metricsgroup/metricsgroup.go:388.82,390.16 2 1
github.com/ZupIT/charlescd/compass/internal/metricsgroup/metricsgroup.go:395.2,395.41 1 0
github.com/ZupIT/charlescd/compass/internal/metricsgroup/metricsgroup.go:390.16,393.3 1 1
github.com/ZupIT/charlescd/compass/internal/moove/mooveclient.go:30.120,34.16 3 1
github.com/ZupIT/charlescd/compass/internal/moove/mooveclient.go:39.2,44.16 5 1
github.com/ZupIT/charlescd/compass/internal/moove/mooveclient.go:48.2,50.42 2 1
github.com/ZupIT/charlescd/compass/internal/moove/mooveclient.go:55.2,56.16 2 0
github.com/ZupIT/charlescd/compass/internal/moove/mooveclient.go:60.2,60.24 1 0
github.com/ZupIT/charlescd/compass/internal/moove/mooveclient.go:34.16,37.3 1 0
github.com/ZupIT/charlescd/compass/internal/moove/mooveclient.go:44.16,47.3 1 1
github.com/ZupIT/charlescd/compass/internal/moove/mooveclient.go:50.42,53.3 1 1
github.com/ZupIT/charlescd/compass/internal/moove/mooveclient.go:56.16,59.3 1 0
github.com/ZupIT/charlescd/compass/internal/plugin/main.go:34.25,36.2 1 1
github.com/ZupIT/charlescd/compass/internal/metricsgroupaction/main.go:50.92,52.2 1 1
github.com/ZupIT/charlescd/compass/internal/datasource/main.go:48.64,50.2 1 1
github.com/ZupIT/charlescd/compass/internal/metric/main.go:55.12,57.2 1 1
github.com/ZupIT/charlescd/compass/internal/dispatcher/actiondispatcher.go:48.84,52.2 1 1
github.com/ZupIT/charlescd/compass/internal/dispatcher/actiondispatcher.go:54.48,57.16 2 1
github.com/ZupIT/charlescd/compass/internal/dispatcher/actiondispatcher.go:61.2,61.37 1 1
github.com/ZupIT/charlescd/compass/internal/dispatcher/actiondispatcher.go:57.16,59.3 1 0
github.com/ZupIT/charlescd/compass/internal/dispatcher/actiondispatcher.go:61.37,62.63 1 1
github.com/ZupIT/charlescd/compass/internal/dispatcher/actiondispatcher.go:62.63,64.4 1 1
github.com/ZupIT/charlescd/compass/internal/dispatcher/actiondispatcher.go:68.79,72.44 3 1
github.com/ZupIT/charlescd/compass/internal/dispatcher/actiondispatcher.go:72.44,73.74 1 1
github.com/ZupIT/charlescd/compass/internal/dispatcher/actiondispatcher.go:73.74,75.4 1 1
github.com/ZupIT/charlescd/compass/internal/dispatcher/actiondispatcher.go:79.102,84.16 4 1
github.com/ZupIT/charlescd/compass/internal/dispatcher/actiondispatcher.go:91.2,92.16 2 1
github.com/ZupIT/charlescd/compass/internal/dispatcher/actiondispatcher.go:99.2,100.16 2 0
github.com/ZupIT/charlescd/compass/internal/dispatcher/actiondispatcher.go:114.2,115.22 2 0
github.com/ZupIT/charlescd/compass/internal/dispatcher/actiondispatcher.go:130.2,131.19 2 0
github.com/ZupIT/charlescd/compass/internal/dispatcher/actiondispatcher.go:146.2,147.16 2 0
github.com/ZupIT/charlescd/compass/internal/dispatcher/actiondispatcher.go:84.16,89.3 2 0
github.com/ZupIT/charlescd/compass/internal/dispatcher/actiondispatcher.go:92.16,97.3 2 1
github.com/ZupIT/charlescd/compass/internal/dispatcher/actiondispatcher.go:100.16,106.17 3 0
github.com/ZupIT/charlescd/compass/internal/dispatcher/actiondispatcher.go:111.3,111.9 1 0
github.com/ZupIT/charlescd/compass/internal/dispatcher/actiondispatcher.go:106.17,110.4 1 0
github.com/ZupIT/charlescd/compass/internal/dispatcher/actiondispatcher.go:115.22,122.17 3 0
github.com/ZupIT/charlescd/compass/internal/dispatcher/actiondispatcher.go:127.3,127.9 1 0
github.com/ZupIT/charlescd/compass/internal/dispatcher/actiondispatcher.go:122.17,126.4 1 0
github.com/ZupIT/charlescd/compass/internal/dispatcher/actiondispatcher.go:131.19,138.17 3 0
github.com/ZupIT/charlescd/compass/internal/dispatcher/actiondispatcher.go:143.3,143.9 1 0
github.com/ZupIT/charlescd/compass/internal/dispatcher/actiondispatcher.go:138.17,142.4 1 0
github.com/ZupIT/charlescd/compass/internal/dispatcher/actiondispatcher.go:147.16,151.3 1 0
github.com/ZupIT/charlescd/compass/internal/dispatcher/actiondispatcher.go:154.98,155.28 1 1
github.com/ZupIT/charlescd/compass/internal/dispatcher/actiondispatcher.go:161.2,161.25 1 1
github.com/ZupIT/charlescd/compass/internal/dispatcher/actiondispatcher.go:155.28,156.75 1 1
github.com/ZupIT/charlescd/compass/internal/dispatcher/actiondispatcher.go:156.75,158.4 1 0
github.com/ZupIT/charlescd/compass/internal/dispatcher/actiondispatcher.go:164.74,166.2 1 1
github.com/ZupIT/charlescd/compass/internal/dispatcher/actiondispatcher.go:168.69,170.16 2 1
github.com/ZupIT/charlescd/compass/internal/dispatcher/actiondispatcher.go:178.2,179.6 2 1
github.com/ZupIT/charlescd/compass/internal/dispatcher/actiondispatcher.go:170.16,176.3 2 0
github.com/ZupIT/charlescd/compass/internal/dispatcher/actiondispatcher.go:179.6,180.10 1 1
github.com/ZupIT/charlescd/compass/internal/dispatcher/actiondispatcher.go:181.19,182.25 1 1
github.com/ZupIT/charlescd/compass/internal/dispatcher/actiondispatcher.go:183.19,184.14 1 1
github.com/ZupIT/charlescd/compass/internal/action/main.go:45.64,47.2 1 1
github.com/ZupIT/charlescd/compass/internal/datasource/datasource.go:60.64,63.27 2 1
github.com/ZupIT/charlescd/compass/internal/datasource/datasource.go:70.2,70.32 1 1
github.com/ZupIT/charlescd/compass/internal/datasource/datasource.go:77.2,77.57 1 1
github.com/ZupIT/charlescd/compass/internal/datasource/datasource.go:84.2,84.57 1 1
github.com/ZupIT/charlescd/compass/internal/datasource/datasource.go:91.2,91.67 1 1
github.com/ZupIT/charlescd/compass/internal/datasource/datasource.go:98.2,98.12 1 1
github.com/ZupIT/charlescd/compass/internal/datasource/datasource.go:63.27,68.3 2 1
github.com/ZupIT/charlescd/compass/internal/datasource/datasource.go:70.32,75.3 2 1
github.com/ZupIT/charlescd/compass/internal/datasource/datasource.go:77.57,82.3 2 1
github.com/ZupIT/charlescd/compass/internal/datasource/datasource.go:84.57,89.3 2 1
github.com/ZupIT/charlescd/compass/internal/datasource/datasource.go:91.67,96.3 2 1
github.com/ZupIT/charlescd/compass/internal/datasource/datasource.go:101.74,104.16 3 1
github.com/ZupIT/charlescd/compass/internal/datasource/datasource.go:108.2,108.28 1 1
github.com/ZupIT/charlescd/compass/internal/datasource/datasource.go:104.16,107.3 1 1
github.com/ZupIT/charlescd/compass/internal/datasource/datasource.go:111.87,118.23 5 1
github.com/ZupIT/charlescd/compass/internal/datasource/datasource.go:122.2,122.16 1 1
github.com/ZupIT/charlescd/compass/internal/datasource/datasource.go:127.2,127.18 1 1
github.com/ZupIT/charlescd/compass/internal/datasource/datasource.go:139.2,139.25 1 1
github.com/ZupIT/charlescd/compass/internal/datasource/datasource.go:118.23,121.3 1 0
github.com/ZupIT/charlescd/compass/internal/datasource/datasource.go:122.16,125.3 1 0
github.com/ZupIT/charlescd/compass/internal/datasource/datasource.go:127.18,131.17 3 1
github.com/ZupIT/charlescd/compass/internal/datasource/datasource.go:136.3,136.61 1 1
github.com/ZupIT/charlescd/compass/internal/datasource/datasource.go:131.17,134.4 1 0
github.com/ZupIT/charlescd/compass/internal/datasource/datasource.go:142.63,148.20 4 1
github.com/ZupIT/charlescd/compass/internal/datasource/datasource.go:153.2,153.37 1 1
github.com/ZupIT/charlescd/compass/internal/datasource/datasource.go:148.20,151.3 1 1
github.com/ZupIT/charlescd/compass/internal/datasource/datasource.go:156.49,158.21 2 1
github.com/ZupIT/charlescd/compass/internal/datasource/datasource.go:163.2,163.12 1 1
github.com/ZupIT/charlescd/compass/internal/datasource/datasource.go:158.21,161.3 1 1
github.com/ZupIT/charlescd/compass/internal/datasource/datasource.go:166.88,168.16 2 1
github.com/ZupIT/charlescd/compass/internal/datasource/datasource.go:172.2,173.16 2 0
github.com/ZupIT/charlescd/compass/internal/datasource/datasource.go:177.2,178.22 2 0
github.com/ZupIT/charlescd/compass/internal/datasource/datasource.go:183.2,185.23 3 0
github.com/ZupIT/charlescd/compass/internal/datasource/datasource.go:190.2,190.18 1 0
github.com/ZupIT/charlescd/compass/internal/datasource/datasource.go:168.16,170.3 1 1
github.com/ZupIT/charlescd/compass/internal/datasource/datasource.go:173.16,175.3 1 0
github.com/ZupIT/charlescd/compass/internal/datasource/datasource.go:178.22,181.3 1 0
github.com/ZupIT/charlescd/compass/internal/datasource/datasource.go:185.23,188.3 1 0
github.com/ZupIT/charlescd/compass/internal/datasource/datasource.go:193.96,195.16 2 1
github.com/ZupIT/charlescd/compass/internal/datasource/datasource.go:199.2,200.24 2 0
github.com/ZupIT/charlescd/compass/internal/datasource/datasource.go:205.2,207.26 3 0
github.com/ZupIT/charlescd/compass/internal/datasource/datasource.go:212.2,212.12 1 0
github.com/ZupIT/charlescd/compass/internal/datasource/datasource.go:195.16,197.3 1 1
github.com/ZupIT/charlescd/compass/internal/datasource/datasource.go:200.24,203.3 1 0
github.com/ZupIT/charlescd/compass/internal/datasource/datasource.go:207.26,210.3 1 0
github.com/ZupIT/charlescd/compass/internal/datasource/datasource.go:215.68,226.20 5 1
github.com/ZupIT/charlescd/compass/internal/datasource/datasource.go:231.2,231.33 1 1
github.com/ZupIT/charlescd/compass/internal/datasource/datasource.go:226.20,229.3 1 1
github.com/ZupIT/charlescd/compass/internal/datasource/datasource.go:234.48,243.2 1 1
github.com/ZupIT/charlescd/compass/internal/metricsgroupaction/metricsgroupaction.go:71.104,75.16 3 1
github.com/ZupIT/charlescd/compass/internal/metricsgroupaction/metricsgroupaction.go:80.2,82.19 2 1
github.com/ZupIT/charlescd/compass/internal/metricsgroupaction/metricsgroupaction.go:75.16,78.3 1 1
github.com/ZupIT/charlescd/compass/internal/metricsgroupaction/metricsgroupaction.go:85.117,89.58 3 1
github.com/ZupIT/charlescd/compass/internal/metricsgroupaction/metricsgroupaction.go:101.2,101.103 1 1
github.com/ZupIT/charlescd/compass/internal/metricsgroupaction/metricsgroupaction.go:109.2,109.51 1 1
github.com/ZupIT/charlescd/compass/internal/metricsgroupaction/metricsgroupaction.go:116.2,117.45 2 1
github.com/ZupIT/charlescd/compass/internal/metricsgroupaction/metricsgroupaction.go:135.2,137.26 2 1
github.com/ZupIT/charlescd/compass/internal/metricsgroupaction/metricsgroupaction.go:141.2,141.12 1 1
github.com/ZupIT/charlescd/compass/internal/metricsgroupaction/metricsgroupaction.go:89.58,94.3 2 1
github.com/ZupIT/charlescd/compass/internal/metricsgroupaction/metricsgroupaction.go:94.8,94.51 1 1
github.com/ZupIT/charlescd/compass/internal/metricsgroupaction/metricsgroupaction.go:94.51,99.3 2 1
github.com/ZupIT/charlescd/compass/internal/metricsgroupaction/metricsgroupaction.go:101.103,107.3 3 1
github.com/ZupIT/charlescd/compass/internal/metricsgroupaction/metricsgroupaction.go:109.51,114.3 2 1
github.com/ZupIT/charlescd/compass/internal/metricsgroupaction/metricsgroupaction.go:117.45,123.3 3 1
github.com/ZupIT/charlescd/compass/internal/metricsgroupaction/metricsgroupaction.go:123.8,126.35 3 1
github.com/ZupIT/charlescd/compass/internal/metricsgroupaction/metricsgroupaction.go:126.35,132.4 3 1
github.com/ZupIT/charlescd/compass/internal/metricsgroupaction/metricsgroupaction.go:137.26,139.3 1 1
github.com/ZupIT/charlescd/compass/internal/metricsgroupaction/metricsgroupaction.go:144.96,147.38 2 1
github.com/ZupIT/charlescd/compass/internal/metricsgroupaction/metricsgroupaction.go:154.2,154.68 1 1
github.com/ZupIT/charlescd/compass/internal/metricsgroupaction/metricsgroupaction.go:161.2,161.12 1 1
github.com/ZupIT/charlescd/compass/internal/metricsgroupaction/metricsgroupaction.go:147.38,152.3 2 1
github.com/ZupIT/charlescd/compass/internal/metricsgroupaction/metricsgroupaction.go:154.68,159.3 2 1
github.com/ZupIT/charlescd/compass/internal/metricsgroupaction/metricsgroupaction.go:164.118,168.16 3 1
github.com/ZupIT/charlescd/compass/internal/metricsgroupaction/metricsgroupaction.go:175.2,176.22 2 0
github.com/ZupIT/charlescd/compass/internal/metricsgroupaction/metricsgroupaction.go:184.2,185.24 2 0
github.com/ZupIT/charlescd/compass/internal/metricsgroupaction/metricsgroupaction.go:194.2,194.12 1 0
github.com/ZupIT/charlescd/compass/internal/metricsgroupaction/metricsgroupaction.go:168.16,173.3 3 1
github.com/ZupIT/charlescd/compass/internal/metricsgroupaction/metricsgroupaction.go:176.22,182.3 3 0
github.com/ZupIT/charlescd/compass/internal/metricsgroupaction/metricsgroupaction.go:185.24,186.39 1 0
github.com/ZupIT/charlescd/compass/internal/metricsgroupaction/metricsgroupaction.go:186.39,191.4 2 0
github.com/ZupIT/charlescd/compass/internal/metricsgroupaction/metricsgroupaction.go:197.108,199.21 2 1
github.com/ZupIT/charlescd/compass/internal/metricsgroupaction/metricsgroupaction.go:204.2,204.32 1 1
github.com/ZupIT/charlescd/compass/internal/metricsgroupaction/metricsgroupaction.go:199.21,202.3 1 1
github.com/ZupIT/charlescd/compass/internal/metricsgroupaction/metricsgroupaction.go:207.121,209.16 2 1
github.com/ZupIT/charlescd/compass/internal/metricsgroupaction/metricsgroupaction.go:214.2,216.21 3 1
github.com/ZupIT/charlescd/compass/internal/metricsgroupaction/metricsgroupaction.go:221.2,221.32 1 1
github.com/ZupIT/charlescd/compass/internal/metricsgroupaction/metricsgroupaction.go:209.16,212.3 1 1
github.com/ZupIT/charlescd/compass/internal/metricsgroupaction/metricsgroupaction.go:216.21,219.3 1 1
github.com/ZupIT/charlescd/compass/internal/metricsgroupaction/metricsgroupaction.go:224.84,227.21 3 1
github.com/ZupIT/charlescd/compass/internal/metricsgroupaction/metricsgroupaction.go:232.2,232.32 1 1
github.com/ZupIT/charlescd/compass/internal/metricsgroupaction/metricsgroupaction.go:227.21,230.3 1 1
github.com/ZupIT/charlescd/compass/internal/metricsgroupaction/metricsgroupaction.go:235.60,237.21 2 1
github.com/ZupIT/charlescd/compass/internal/metricsgroupaction/metricsgroupaction.go:242.2,242.12 1 1
github.com/ZupIT/charlescd/compass/internal/metricsgroupaction/metricsgroupaction.go:237.21,240.3 1 1
github.com/ZupIT/charlescd/compass/internal/metricsgroupaction/metricsgroupaction.go:245.123,248.25 3 1
github.com/ZupIT/charlescd/compass/internal/metricsgroupaction/metricsgroupaction.go:253.2,253.45 1 1
github.com/ZupIT/charlescd/compass/internal/metricsgroupaction/metricsgroupaction.go:263.2,263.24 1 1
github.com/ZupIT/charlescd/compass/internal/metricsgroupaction/metricsgroupaction.go:248.25,251.3 1 1
github.com/ZupIT/charlescd/compass/internal/metricsgroupaction/metricsgroupaction.go:253.45,254.37 1 1
github.com/ZupIT/charlescd/compass/internal/metricsgroupaction/metricsgroupaction.go:260.3,260.65 1 1
github.com/ZupIT/charlescd/compass/internal/metricsgroupaction/metricsgroupaction.go:254.37,256.4 1 1
github.com/ZupIT/charlescd/compass/internal/metricsgroupaction/metricsgroupaction.go:256.9,256.44 1 1
github.com/ZupIT/charlescd/compass/internal/metricsgroupaction/metricsgroupaction.go:256.44,258.4 1 0
github.com/ZupIT/charlescd/compass/internal/metricsgroupaction/metricsgroupaction.go:266.90,268.16 2 1
github.com/ZupIT/charlescd/compass/internal/metricsgroupaction/metricsgroupaction.go:272.2,272.132 1 1
github.com/ZupIT/charlescd/compass/internal/metricsgroupaction/metricsgroupaction.go:268.16,270.3 1 1
github.com/ZupIT/charlescd/compass/internal/metricsgroup/main.go:63.12,65.2 1 1
github.com/ZupIT/charlescd/compass/internal/moove/main.go:39.66,46.2 1 1
github.com/ZupIT/charlescd/compass/internal/moove/main.go:57.41,59.2 1 0
github.com/ZupIT/charlescd/compass/internal/moove/moove.go:50.69,53.21 3 0
github.com/ZupIT/charlescd/compass/internal/moove/moove.go:58.2,58.18 1 0
github.com/ZupIT/charlescd/compass/internal/moove/moove.go:53.21,56.3 1 0
github.com/ZupIT/charlescd/compass/internal/moove/moove.go:61.93,64.21 3 0
github.com/ZupIT/charlescd/compass/internal/moove/moove.go:69.2,70.16 2 0
github.com/ZupIT/charlescd/compass/internal/moove/moove.go:74.2,75.29 2 0
github.com/ZupIT/charlescd/compass/internal/moove/moove.go:79.2,79.25 1 0
github.com/ZupIT/charlescd/compass/internal/moove/moove.go:64.21,67.3 1 0
github.com/ZupIT/charlescd/compass/internal/moove/moove.go:70.16,72.3 1 0
github.com/ZupIT/charlescd/compass/internal/moove/moove.go:75.29,77.3 1 0
github.com/ZupIT/charlescd/compass/internal/moove/moove.go:82.91,84.37 2 0
github.com/ZupIT/charlescd/compass/internal/moove/moove.go:98.2,98.22 1 0
github.com/ZupIT/charlescd/compass/internal/moove/moove.go:84.37,87.17 3 0
github.com/ZupIT/charlescd/compass/internal/moove/moove.go:92.3,92.35 1 0
github.com/ZupIT/charlescd/compass/internal/moove/moove.go:87.17,90.4 1 0
github.com/ZupIT/charlescd/compass/internal/moove/moove.go:92.35,94.4 1 0
github.com/ZupIT/charlescd/compass/internal/plugin/plugin.go:49.84,53.16 4 1
github.com/ZupIT/charlescd/compass/internal/plugin/plugin.go:58.2,58.23 1 0
github.com/ZupIT/charlescd/compass/internal/plugin/plugin.go:77.2,77.21 1 0
github.com/ZupIT/charlescd/compass/internal/plugin/plugin.go:53.16,56.3 1 1
github.com/ZupIT/charlescd/compass/internal/plugin/plugin.go:58.23,60.17 2 0
github.com/ZupIT/charlescd/compass/internal/plugin/plugin.go:65.3,67.17 3 0
github.com/ZupIT/charlescd/compass/internal/plugin/plugin.go:72.3,74.39 3 0
github.com/ZupIT/charlescd/compass/internal/plugin/plugin.go:60.17,63.4 1 0
github.com/ZupIT/charlescd/compass/internal/plugin/plugin.go:67.17,70.4 1 0
github.com/ZupIT/charlescd/compass/internal/plugin/plugin.go:80.68,81.20 1 1
github.com/ZupIT/charlescd/compass/internal/plugin/plugin.go:85.2,89.16 4 1
github.com/ZupIT/charlescd/compass/internal/plugin/plugin.go:94.2,94.38 1 0
github.com/ZupIT/charlescd/compass/internal/plugin/plugin.go:105.2,105.21 1 0
github.com/ZupIT/charlescd/compass/internal/plugin/plugin.go:81.20,83.3 1 1
github.com/ZupIT/charlescd/compass/internal/plugin/plugin.go:89.16,92.3 1 1
github.com/ZupIT/charlescd/compass/internal/plugin/plugin.go:94.38,95.23 1 0
github.com/ZupIT/charlescd/compass/internal/plugin/plugin.go:95.23,97.18 2 0
github.com/ZupIT/charlescd/compass/internal/plugin/plugin.go:101.4,101.49 1 0
github.com/ZupIT/charlescd/compass/internal/plugin/plugin.go:97.18,99.5 1 0
github.com/ZupIT/charlescd/compass/internal/plugin/plugin.go:108.76,111.16 3 1
github.com/ZupIT/charlescd/compass/internal/plugin/plugin.go:116.2,116.15 1 0
github.com/ZupIT/charlescd/compass/internal/plugin/plugin.go:111.16,114.3 1 1
github.com/ZupIT/charlescd/compass/internal/action/queries.go:56.104,60.2 1 1
github.com/ZupIT/charlescd/compass/internal/metric/metric.go:55.59,58.27 2 1
github.com/ZupIT/charlescd/compass/internal/metric/metric.go:65.2,65.47 1 1
github.com/ZupIT/charlescd/compass/internal/metric/metric.go:72.2,72.29 1 1
github.com/ZupIT/charlescd/compass/internal/metric/metric.go:78.2,78.29 1 1
github.com/ZupIT/charlescd/compass/internal/metric/metric.go:84.2,85.16 2 1
github.com/ZupIT/charlescd/compass/internal/metric/metric.go:91.2,91.56 1 1
github.com/ZupIT/charlescd/compass/internal/metric/metric.go:98.2,98.52 1 1
github.com/ZupIT/charlescd/compass/internal/metric/metric.go:105.2,105.12 1 1
github.com/ZupIT/charlescd/compass/internal/metric/metric.go:58.27,63.3 2 0
github.com/ZupIT/charlescd/compass/internal/metric/metric.go:65.47,70.3 2 1
github.com/ZupIT/charlescd/compass/internal/metric/metric.go:72.29,73.41 1 1
github.com/ZupIT/charlescd/compass/internal/metric/metric.go:73.41,75.4 1 1
github.com/ZupIT/charlescd/compass/internal/metric/metric.go:78.29,79.42 1 1
github.com/ZupIT/charlescd/compass/internal/metric/metric.go:79.42,81.4 1 1
github.com/ZupIT/charlescd/compass/internal/metric/metric.go:85.16,89.3 2 1
github.com/ZupIT/charlescd/compass/internal/metric/metric.go:91.56,96.3 2 1
github.com/ZupIT/charlescd/compass/internal/metric/metric.go:98.52,103.3 2 0
github.com/ZupIT/charlescd/compass/internal/metric/metric.go:108.82,111.35 2 1
github.com/ZupIT/charlescd/compass/internal/metric/metric.go:118.2,118.35 1 1
github.com/ZupIT/charlescd/compass/internal/metric/metric.go:125.2,125.12 1 1
github.com/ZupIT/charlescd/compass/internal/metric/metric.go:111.35,116.3 2 1
github.com/ZupIT/charlescd/compass/internal/metric/metric.go:118.35,123.3 2 1
github.com/ZupIT/charlescd/compass/internal/metric/metric.go:128.74,131.36 2 1
github.com/ZupIT/charlescd/compass/internal/metric/metric.go:138.2,138.12 1 1
github.com/ZupIT/charlescd/compass/internal/metric/metric.go:131.36,136.3 2 1
github.com/ZupIT/charlescd/compass/internal/metric/metric.go:141.53,143.24 2 1
github.com/ZupIT/charlescd/compass/internal/metric/metric.go:147.2,147.14 1 1
github.com/ZupIT/charlescd/compass/internal/metric/metric.go:143.24,145.3 1 0
github.com/ZupIT/charlescd/compass/internal/metric/metric.go:150.75,153.16 3 1
github.com/ZupIT/charlescd/compass/internal/metric/metric.go:157.2,157.24 1 1
github.com/ZupIT/charlescd/compass/internal/metric/metric.go:153.16,156.3 1 1
github.com/ZupIT/charlescd/compass/internal/metric/metric.go:160.65,164.33 4 1
github.com/ZupIT/charlescd/compass/internal/metric/metric.go:176.2,176.54 1 1
github.com/ZupIT/charlescd/compass/internal/metric/metric.go:164.33,165.29 1 1
github.com/ZupIT/charlescd/compass/internal/metric/metric.go:169.3,169.53 1 1
github.com/ZupIT/charlescd/compass/internal/metric/metric.go:173.3,173.15 1 1
github.com/ZupIT/charlescd/compass/internal/metric/metric.go:165.29,167.4 1 1
github.com/ZupIT/charlescd/compass/internal/metric/metric.go:169.53,171.4 1 1
github.com/ZupIT/charlescd/compass/internal/metric/metric.go:179.67,182.21 3 1
github.com/ZupIT/charlescd/compass/internal/metric/metric.go:187.2,187.20 1 1
github.com/ZupIT/charlescd/compass/internal/metric/metric.go:182.21,186.3 2 1
github.com/ZupIT/charlescd/compass/internal/metric/metric.go:190.67,191.53 1 1
github.com/ZupIT/charlescd/compass/internal/metric/metric.go:208.2,208.16 1 1
github.com/ZupIT/charlescd/compass/internal/metric/metric.go:213.2,213.20 1 1
github.com/ZupIT/charlescd/compass/internal/metric/metric.go:191.53,193.22 2 1
github.com/ZupIT/charlescd/compass/internal/metric/metric.go:198.3,202.17 2 1
github.com/ZupIT/charlescd/compass/internal/metric/metric.go:206.3,206.13 1 1
github.com/ZupIT/charlescd/compass/internal/metric/metric.go:193.22,196.4 2 1
github.com/ZupIT/charlescd/compass/internal/metric/metric.go:202.17,204.4 1 0
github.com/ZupIT/charlescd/compass/internal/metric/metric.go:208.16,211.3 1 1
github.com/ZupIT/charlescd/compass/internal/metric/metric.go:216.69,217.53 1 1
github.com/ZupIT/charlescd/compass/internal/metric/metric.go:233.2,233.16 1 1
github.com/ZupIT/charlescd/compass/internal/metric/metric.go:238.2,238.20 1 1
github.com/ZupIT/charlescd/compass/internal/metric/metric.go:217.53,219.22 2 1
github.com/ZupIT/charlescd/compass/internal/metric/metric.go:224.3,226.17 3 1
github.com/ZupIT/charlescd/compass/internal/metric/metric.go:230.3,230.13 1 1
github.com/ZupIT/charlescd/compass/internal/metric/metric.go:219.22,222.4 2 1
github.com/ZupIT/charlescd/compass/internal/metric/metric.go:226.17,228.4 1 0
github.com/ZupIT/charlescd/compass/internal/metric/metric.go:233.16,236.3 1 1
github.com/ZupIT/charlescd/compass/internal/metric/metric.go:241.55,242.53 1 1
github.com/ZupIT/charlescd/compass/internal/metric/metric.go:256.2,256.16 1 1
github.com/ZupIT/charlescd/compass/internal/metric/metric.go:260.2,260.12 1 1
github.com/ZupIT/charlescd/compass/internal/metric/metric.go:242.53,244.22 2 1
github.com/ZupIT/charlescd/compass/internal/metric/metric.go:249.3,250.17 2 1
github.com/ZupIT/charlescd/compass/internal/metric/metric.go:254.3,254.13 1 1
github.com/ZupIT/charlescd/compass/internal/metric/metric.go:244.22,247.4 2 1
github.com/ZupIT/charlescd/compass/internal/metric/metric.go:250.17,252.4 1 0
github.com/ZupIT/charlescd/compass/internal/metric/metric.go:256.16,259.3 1 1
github.com/ZupIT/charlescd/compass/internal/metric/metric.go:263.57,264.24 1 0
github.com/ZupIT/charlescd/compass/internal/metric/metric.go:268.2,268.22 1 0
github.com/ZupIT/charlescd/compass/internal/metric/metric.go:264.24,266.3 1 0
github.com/ZupIT/charlescd/compass/internal/metric/metric.go:271.69,273.16 2 1
github.com/ZupIT/charlescd/compass/internal/metric/metric.go:277.2,278.16 2 1
github.com/ZupIT/charlescd/compass/internal/metric/metric.go:282.2,283.22 2 0
github.com/ZupIT/charlescd/compass/internal/metric/metric.go:288.2,291.24 3 0
github.com/ZupIT/charlescd/compass/internal/metric/metric.go:299.2,305.22 2 0
github.com/ZupIT/charlescd/compass/internal/metric/metric.go:310.2,310.20 1 0
github.com/ZupIT/charlescd/compass/internal/metric/metric.go:273.16,275.3 1 1
github.com/ZupIT/charlescd/compass/internal/metric/metric.go:278.16,280.3 1 1
github.com/ZupIT/charlescd/compass/internal/metric/metric.go:283.22,286.3 1 0
github.com/ZupIT/charlescd/compass/internal/metric/metric.go:291.24,297.3 1 0
github.com/ZupIT/charlescd/compass/internal/metric/metric.go:305.22,308.3 1 0
github.com/ZupIT/charlescd/compass/internal/metric/metric.go:313.103,315.16 2 1
github.com/ZupIT/charlescd/compass/internal/metric/metric.go:319.2,320.16 2 1
github.com/ZupIT/charlescd/compass/internal/metric/metric.go:324.2,325.22 2 0
github.com/ZupIT/charlescd/compass/internal/metric/metric.go:330.2,333.24 3 0
github.com/ZupIT/charlescd/compass/internal/metric/metric.go:341.2,351.20 2 0
github.com/ZupIT/charlescd/compass/internal/metric/metric.go:356.2,356.25 1 0
github.com/ZupIT/charlescd/compass/internal/metric/metric.go:315.16,317.3 1 1
github.com/ZupIT/charlescd/compass/internal/metric/metric.go:320.16,322.3 1 1
github.com/ZupIT/charlescd/compass/internal/metric/metric.go:325.22,328.3 1 0
github.com/ZupIT/charlescd/compass/internal/metric/metric.go:333.24,339.3 1 0
github.com/ZupIT/charlescd/compass/internal/metric/metric.go:351.20,354.3 1 0
github.com/ZupIT/charlescd/compass/internal/metric/metric.go:359.80,362.25 3 1
github.com/ZupIT/charlescd/compass/internal/metric/metric.go:367.2,367.21 1 1
github.com/ZupIT/charlescd/compass/internal/metric/metric.go:362.25,365.3 1 1
github.com/ZupIT/charlescd/compass/internal/metric/metricexecution.go:42.78,45.21 3 1
github.com/ZupIT/charlescd/compass/internal/metric/metricexecution.go:49.2,49.30 1 1
github.com/ZupIT/charlescd/compass/internal/metric/metricexecution.go:45.21,48.3 1 1
github.com/ZupIT/charlescd/compass/internal/metric/metricexecution.go:52.105,54.21 2 1
github.com/ZupIT/charlescd/compass/internal/metric/metricexecution.go:58.2,58.29 1 1
github.com/ZupIT/charlescd/compass/internal/metric/metricexecution.go:54.21,57.3 1 1
github.com/ZupIT/charlescd/compass/internal/metric/metricexecution.go:61.86,63.21 2 1
github.com/ZupIT/charlescd/compass/internal/metric/metricexecution.go:67.2,67.12 1 1
github.com/ZupIT/charlescd/compass/internal/metric/metricexecution.go:63.21,66.3 1 0
github.com/ZupIT/charlescd/compass/internal/metric/metricexecution.go:70.110,72.21 2 1
github.com/ZupIT/charlescd/compass/internal/metric/metricexecution.go:76.2,76.23 1 1
github.com/ZupIT/charlescd/compass/internal/metric/metricexecution.go:72.21,75.3 1 0
github.com/ZupIT/charlescd/compass/internal/metric/metricexecution.go:79.77,81.21 2 1
github.com/ZupIT/charlescd/compass/internal/metric/metricexecution.go:85.2,85.12 1 1
github.com/ZupIT/charlescd/compass/internal/metric/metricexecution.go:81.21,84.3 1 0
github.com/ZupIT/charlescd/compass/internal/metric/metricexecution.go:88.83,90.2 1 1
github.com/ZupIT/charlescd/compass/internal/metricsgroupaction/actionexecution.go:44.96,48.25 3 1
github.com/ZupIT/charlescd/compass/internal/metricsgroupaction/actionexecution.go:53.2,53.23 1 1
github.com/ZupIT/charlescd/compass/internal/metricsgroupaction/actionexecution.go:48.25,51.3 1 1
github.com/ZupIT/charlescd/compass/internal/metricsgroupaction/actionexecution.go:56.93,59.16 3 1
github.com/ZupIT/charlescd/compass/internal/metricsgroupaction/actionexecution.go:64.2,71.21 3 1
github.com/ZupIT/charlescd/compass/internal/metricsgroupaction/actionexecution.go:75.2,75.23 1 1
github.com/ZupIT/charlescd/compass/internal/metricsgroupaction/actionexecution.go:59.16,62.3 1 1
github.com/ZupIT/charlescd/compass/internal/metricsgroupaction/actionexecution.go:71.21,74.3 1 1
github.com/ZupIT/charlescd/compass/internal/metricsgroupaction/actionexecution.go:78.118,80.16 2 1
github.com/ZupIT/charlescd/compass/internal/metricsgroupaction/actionexecution.go:84.2,84.41 1 1
github.com/ZupIT/charlescd/compass/internal/metricsgroupaction/actionexecution.go:89.2,94.25 6 1
github.com/ZupIT/charlescd/compass/internal/metricsgroupaction/actionexecution.go:99.2,99.23 1 1
github.com/ZupIT/charlescd/compass/internal/metricsgroupaction/actionexecution.go:80.16,82.3 1 1
github.com/ZupIT/charlescd/compass/internal/metricsgroupaction/actionexecution.go:84.41,87.3 1 1
github.com/ZupIT/charlescd/compass/internal/metricsgroupaction/actionexecution.go:94.25,97.3 1 0
github.com/ZupIT/charlescd/compass/internal/metricsgroupaction/actionexecution.go:102.119,104.16 2 1
github.com/ZupIT/charlescd/compass/internal/metricsgroupaction/actionexecution.go:108.2,108.41 1 1
github.com/ZupIT/charlescd/compass/internal/metricsgroupaction/actionexecution.go:113.2,118.25 6 1
github.com/ZupIT/charlescd/compass/internal/metricsgroupaction/actionexecution.go:123.2,123.23 1 1
github.com/ZupIT/charlescd/compass/internal/metricsgroupaction/actionexecution.go:104.16,106.3 1 1
github.com/ZupIT/charlescd/compass/internal/metricsgroupaction/actionexecution.go:108.41,111.3 1 1
github.com/ZupIT/charlescd/compass/internal/metricsgroupaction/actionexecution.go:118.25,121.3 1 0
github.com/ZupIT/charlescd/compass/internal/metricsgroupaction/actionexecution.go:126.64,128.2 1 1
github.com/ZupIT/charlescd/compass/internal/metricsgroupaction/actionexecution.go:130.93,134.25 3 1
github.com/ZupIT/charlescd/compass/internal/metricsgroupaction/actionexecution.go:139.2,139.19 1 1
github.com/ZupIT/charlescd/compass/internal/metricsgroupaction/actionexecution.go:134.25,137.3 1 1
github.com/ZupIT/charlescd/compass/internal/dispatcher/dispatcher.go:50.53,52.2 1 1
github.com/ZupIT/charlescd/compass/internal/dispatcher/dispatcher.go:54.42,57.16 2 1
github.com/ZupIT/charlescd/compass/internal/dispatcher/dispatcher.go:64.2,64.45 1 1
github.com/ZupIT/charlescd/compass/internal/dispatcher/dispatcher.go:57.16,62.3 1 0
github.com/ZupIT/charlescd/compass/internal/dispatcher/dispatcher.go:64.45,66.3 1 1
github.com/ZupIT/charlescd/compass/internal/dispatcher/dispatcher.go:69.97,70.19 1 0
github.com/ZupIT/charlescd/compass/internal/dispatcher/dispatcher.go:71.35,72.29 1 0
github.com/ZupIT/charlescd/compass/internal/dispatcher/dispatcher.go:73.42,74.28 1 0
github.com/ZupIT/charlescd/compass/internal/dispatcher/dispatcher.go:75.40,76.28 1 0
github.com/ZupIT/charlescd/compass/internal/dispatcher/dispatcher.go:77.10,78.15 1 0
github.com/ZupIT/charlescd/compass/internal/dispatcher/dispatcher.go:82.114,83.102 1 0
github.com/ZupIT/charlescd/compass/internal/dispatcher/dispatcher.go:87.2,87.28 1 0
github.com/ZupIT/charlescd/compass/internal/dispatcher/dispatcher.go:83.102,85.3 1 0
github.com/ZupIT/charlescd/compass/internal/dispatcher/dispatcher.go:90.81,95.16 4 1
github.com/ZupIT/charlescd/compass/internal/dispatcher/dispatcher.go:99.2,100.16 2 1
github.com/ZupIT/charlescd/compass/internal/dispatcher/dispatcher.go:110.2,110.85 1 0
github.com/ZupIT/charlescd/compass/internal/dispatcher/dispatcher.go:95.16,97.3 1 0
github.com/ZupIT/charlescd/compass/internal/dispatcher/dispatcher.go:100.16,108.3 4 1
github.com/ZupIT/charlescd/compass/internal/dispatcher/dispatcher.go:110.85,119.3 2 0
github.com/ZupIT/charlescd/compass/internal/dispatcher/dispatcher.go:122.68,124.2 1 1
github.com/ZupIT/charlescd/compass/internal/dispatcher/dispatcher.go:126.63,128.16 2 1
github.com/ZupIT/charlescd/compass/internal/dispatcher/dispatcher.go:136.2,137.6 2 1
github.com/ZupIT/charlescd/compass/internal/dispatcher/dispatcher.go:128.16,134.3 2 0
github.com/ZupIT/charlescd/compass/internal/dispatcher/dispatcher.go:137.6,138.10 1 1
github.com/ZupIT/charlescd/compass/internal/dispatcher/dispatcher.go:139.19,140.25 1 1
github.com/ZupIT/charlescd/compass/internal/dispatcher/dispatcher.go:141.19,142.14 1 1
github.com/ZupIT/charlescd/compass/internal/action/action.go:68.76,72.16 3 1
github.com/ZupIT/charlescd/compass/internal/action/action.go:78.2,82.24 4 1
github.com/ZupIT/charlescd/compass/internal/action/action.go:86.2,86.22 1 1
github.com/ZupIT/charlescd/compass/internal/action/action.go:72.16,76.3 2 1
github.com/ZupIT/charlescd/compass/internal/action/action.go:82.24,84.3 1 1
github.com/ZupIT/charlescd/compass/internal/action/action.go:89.66,93.46 3 1
github.com/ZupIT/charlescd/compass/internal/action/action.go:105.2,105.49 1 1
github.com/ZupIT/charlescd/compass/internal/action/action.go:117.2,117.67 1 1
github.com/ZupIT/charlescd/compass/internal/action/action.go:125.2,125.36 1 1
github.com/ZupIT/charlescd/compass/internal/action/action.go:132.2,132.42 1 1
github.com/ZupIT/charlescd/compass/internal/action/action.go:146.2,146.26 1 1
github.com/ZupIT/charlescd/compass/internal/action/action.go:150.2,150.12 1 1
github.com/ZupIT/charlescd/compass/internal/action/action.go:93.46,98.3 2 1
github.com/ZupIT/charlescd/compass/internal/action/action.go:98.8,98.38 1 1
github.com/ZupIT/charlescd/compass/internal/action/action.go:98.38,103.3 2 1
github.com/ZupIT/charlescd/compass/internal/action/action.go:105.49,110.3 2 1
github.com/ZupIT/charlescd/compass/internal/action/action.go:110.8,110.41 1 1
github.com/ZupIT/charlescd/compass/internal/action/action.go:110.41,115.3 2 1
github.com/ZupIT/charlescd/compass/internal/action/action.go:117.67,123.3 3 1
github.com/ZupIT/charlescd/compass/internal/action/action.go:125.36,130.3 2 1
github.com/ZupIT/charlescd/compass/internal/action/action.go:132.42,138.3 3 1
github.com/ZupIT/charlescd/compass/internal/action/action.go:138.8,138.35 1 1
github.com/ZupIT/charlescd/compass/internal/action/action.go:138.35,144.3 3 1
github.com/ZupIT/charlescd/compass/internal/action/action.go:146.26,148.3 1 1
github.com/ZupIT/charlescd/compass/internal/action/action.go:153.112,157.16 3 1
github.com/ZupIT/charlescd/compass/internal/action/action.go:165.2,166.22 2 0
github.com/ZupIT/charlescd/compass/internal/action/action.go:174.2,175.24 2 0
github.com/ZupIT/charlescd/compass/internal/action/action.go:184.2,184.12 1 0
github.com/ZupIT/charlescd/compass/internal/action/action.go:157.16,163.3 3 1
github.com/ZupIT/charlescd/compass/internal/action/action.go:166.22,172.3 3 0
github.com/ZupIT/charlescd/compass/internal/action/action.go:175.24,176.33 1 0
github.com/ZupIT/charlescd/compass/internal/action/action.go:176.33,181.4 2 0
github.com/ZupIT/charlescd/compass/internal/action/action.go:187.97,193.20 4 1
github.com/ZupIT/charlescd/compass/internal/action/action.go:198.2,198.33 1 1
github.com/ZupIT/charlescd/compass/internal/action/action.go:193.20,196.3 1 1
github.com/ZupIT/charlescd/compass/internal/action/action.go:201.69,207.20 4 1
github.com/ZupIT/charlescd/compass/internal/action/action.go:212.2,212.33 1 1
github.com/ZupIT/charlescd/compass/internal/action/action.go:207.20,210.3 1 1
github.com/ZupIT/charlescd/compass/internal/action/action.go:215.94,219.16 3 1
github.com/ZupIT/charlescd/compass/internal/action/action.go:224.2,224.18 1 1
github.com/ZupIT/charlescd/compass/internal/action/action.go:235.2,235.21 1 1
github.com/ZupIT/charlescd/compass/internal/action/action.go:219.16,222.3 1 1
github.com/ZupIT/charlescd/compass/internal/action/action.go:224.18,228.17 3 1
github.com/ZupIT/charlescd/compass/internal/action/action.go:232.3,232.49 1 1
github.com/ZupIT/charlescd/compass/internal/action/action.go:228.17,231.4 1 0
github.com/ZupIT/charlescd/compass/internal/action/action.go:238.70,248.20 5 1
github.com/ZupIT/charlescd/compass/internal/action/action.go:253.2,253.33 1 1
github.com/ZupIT/charlescd/compass/internal/action/action.go:248.20,251.3 1 1
github.com/ZupIT/charlescd/compass/internal/action/action.go:256.55,258.21 2 1
github.com/ZupIT/charlescd/compass/internal/action/action.go:263.2,263.12 1 1
github.com/ZupIT/charlescd/compass/internal/action/action.go:258.21,261.3 1 1
github.com/ZupIT/charlescd/compass/internal/action/action.go:266.44,277.2 1 1
github.com/ZupIT/charlescd/compass/internal/datasource/queries.go:37.84,41.2 1 1
