mode: set
compass/pkg/logger/logger.go:9.41,10.53 1 1
compass/pkg/logger/logger.go:14.2,16.16 1 0
compass/pkg/logger/logger.go:10.53,12.3 1 1
compass/pkg/logger/logger.go:19.74,20.53 1 1
compass/pkg/logger/logger.go:24.2,28.38 1 0
compass/pkg/logger/logger.go:20.53,22.3 1 1
compass/pkg/logger/logger.go:30.74,31.53 1 0
compass/pkg/logger/logger.go:35.2,39.38 1 0
compass/pkg/logger/logger.go:31.53,33.3 1 0
compass/pkg/logger/logger.go:42.35,44.2 1 0
compass/internal/datasource/main.go:27.64,29.2 1 1
compass/internal/metric/metric_execution.go:24.71,27.21 3 1
compass/internal/metric/metric_execution.go:31.2,31.30 1 1
compass/internal/metric/metric_execution.go:27.21,30.3 2 0
compass/internal/metric/metric_execution.go:34.98,36.21 2 1
compass/internal/metric/metric_execution.go:40.2,40.29 1 1
compass/internal/metric/metric_execution.go:36.21,39.3 2 0
compass/internal/metric/metric_execution.go:43.79,45.21 2 1
compass/internal/metric/metric_execution.go:49.2,49.12 1 1
compass/internal/metric/metric_execution.go:45.21,48.3 2 0
compass/internal/metric/metric_execution.go:52.103,54.21 2 1
compass/internal/metric/metric_execution.go:58.2,58.23 1 1
compass/internal/metric/metric_execution.go:54.21,57.3 2 0
compass/internal/metric/metric_execution.go:61.70,63.21 2 1
compass/internal/metric/metric_execution.go:67.2,67.12 1 1
compass/internal/metric/metric_execution.go:63.21,66.3 2 0
compass/internal/datasource/datasource.go:29.67,32.27 2 1
compass/internal/datasource/datasource.go:36.2,36.32 1 1
compass/internal/datasource/datasource.go:40.2,40.57 1 1
compass/internal/datasource/datasource.go:44.2,44.57 1 1
compass/internal/datasource/datasource.go:48.2,48.67 1 1
compass/internal/datasource/datasource.go:52.2,52.12 1 1
compass/internal/datasource/datasource.go:32.27,34.3 1 1
compass/internal/datasource/datasource.go:36.32,38.3 1 1
compass/internal/datasource/datasource.go:40.57,42.3 1 1
compass/internal/datasource/datasource.go:44.57,46.3 1 1
compass/internal/datasource/datasource.go:48.67,50.3 1 1
compass/internal/datasource/datasource.go:55.70,58.16 3 1
compass/internal/datasource/datasource.go:62.2,62.28 1 1
compass/internal/datasource/datasource.go:58.16,61.3 2 1
compass/internal/datasource/datasource.go:65.94,69.18 3 1
compass/internal/datasource/datasource.go:76.2,76.21 1 1
compass/internal/datasource/datasource.go:81.2,81.25 1 1
compass/internal/datasource/datasource.go:69.18,71.3 1 1
compass/internal/datasource/datasource.go:71.8,74.3 2 1
compass/internal/datasource/datasource.go:76.21,79.3 2 0
compass/internal/datasource/datasource.go:84.58,87.25 3 1
compass/internal/datasource/datasource.go:91.2,91.24 1 1
compass/internal/datasource/datasource.go:87.25,90.3 2 1
compass/internal/datasource/datasource.go:94.42,95.45 1 1
compass/internal/datasource/datasource.go:99.2,100.21 2 1
compass/internal/datasource/datasource.go:105.2,105.12 1 1
compass/internal/datasource/datasource.go:95.45,97.3 1 1
compass/internal/datasource/datasource.go:100.21,103.3 2 0
compass/internal/datasource/datasource.go:108.87,112.16 3 0
compass/internal/datasource/datasource.go:116.2,117.16 2 0
compass/internal/datasource/datasource.go:122.2,123.16 2 0
compass/internal/datasource/datasource.go:128.2,130.16 3 0
compass/internal/datasource/datasource.go:135.2,135.18 1 0
compass/internal/datasource/datasource.go:112.16,114.3 1 0
compass/internal/datasource/datasource.go:117.16,120.3 2 0
compass/internal/datasource/datasource.go:123.16,126.3 2 0
compass/internal/datasource/datasource.go:130.16,133.3 2 0
compass/internal/datasource/datasource.go:138.76,141.25 3 1
compass/internal/datasource/datasource.go:146.2,146.24 1 1
compass/internal/datasource/datasource.go:141.25,144.3 2 0
compass/internal/datasource/datasource.go:149.66,150.31 1 1
compass/internal/datasource/datasource.go:157.2,158.21 2 1
compass/internal/datasource/datasource.go:162.2,162.24 1 1
compass/internal/datasource/datasource.go:150.31,151.111 1 1
compass/internal/datasource/datasource.go:151.111,154.4 2 1
compass/internal/datasource/datasource.go:158.21,161.3 2 0
compass/internal/metric/main.go:34.12,36.2 1 1
compass/internal/metric/metric.go:36.59,39.27 2 1
compass/internal/metric/metric.go:43.2,43.47 1 1
compass/internal/metric/metric.go:47.2,47.29 1 1
compass/internal/metric/metric.go:53.2,53.29 1 1
compass/internal/metric/metric.go:59.2,60.16 2 1
compass/internal/metric/metric.go:65.2,65.57 1 1
compass/internal/metric/metric.go:69.2,69.53 1 1
compass/internal/metric/metric.go:73.2,73.12 1 1
compass/internal/metric/metric.go:39.27,41.3 1 0
compass/internal/metric/metric.go:43.47,45.3 1 1
compass/internal/metric/metric.go:47.29,48.41 1 1
compass/internal/metric/metric.go:48.41,50.4 1 1
compass/internal/metric/metric.go:53.29,54.42 1 1
compass/internal/metric/metric.go:54.42,56.4 1 1
compass/internal/metric/metric.go:60.16,63.3 1 1
compass/internal/metric/metric.go:65.57,67.3 1 1
compass/internal/metric/metric.go:69.53,71.3 1 0
compass/internal/metric/metric.go:76.82,79.35 2 1
compass/internal/metric/metric.go:83.2,83.35 1 1
compass/internal/metric/metric.go:87.2,87.12 1 1
compass/internal/metric/metric.go:79.35,81.3 1 1
compass/internal/metric/metric.go:83.35,85.3 1 1
compass/internal/metric/metric.go:90.74,93.36 2 1
compass/internal/metric/metric.go:97.2,97.12 1 1
compass/internal/metric/metric.go:93.36,95.3 1 1
compass/internal/metric/metric.go:100.53,102.24 2 1
compass/internal/metric/metric.go:106.2,106.14 1 1
compass/internal/metric/metric.go:102.24,104.3 1 0
compass/internal/metric/metric.go:109.68,112.16 3 1
compass/internal/metric/metric.go:116.2,116.24 1 1
compass/internal/metric/metric.go:112.16,115.3 2 1
compass/internal/metric/metric.go:119.65,123.33 4 1
compass/internal/metric/metric.go:135.2,135.54 1 1
compass/internal/metric/metric.go:123.33,124.29 1 1
compass/internal/metric/metric.go:128.3,128.53 1 1
compass/internal/metric/metric.go:132.3,132.15 1 1
compass/internal/metric/metric.go:124.29,126.4 1 1
compass/internal/metric/metric.go:128.53,130.4 1 1
compass/internal/metric/metric.go:138.60,141.21 3 1
compass/internal/metric/metric.go:145.2,145.20 1 1
compass/internal/metric/metric.go:141.21,144.3 2 1
compass/internal/metric/metric.go:148.60,149.53 1 1
compass/internal/metric/metric.go:166.2,166.16 1 1
compass/internal/metric/metric.go:171.2,171.20 1 1
compass/internal/metric/metric.go:149.53,151.22 2 1
compass/internal/metric/metric.go:156.3,160.17 2 1
compass/internal/metric/metric.go:164.3,164.13 1 1
compass/internal/metric/metric.go:151.22,154.4 2 1
compass/internal/metric/metric.go:160.17,162.4 1 0
compass/internal/metric/metric.go:166.16,169.3 2 1
compass/internal/metric/metric.go:174.73,175.53 1 1
compass/internal/metric/metric.go:191.2,191.16 1 1
compass/internal/metric/metric.go:195.2,195.20 1 1
compass/internal/metric/metric.go:175.53,177.22 2 1
compass/internal/metric/metric.go:182.3,184.17 3 1
compass/internal/metric/metric.go:188.3,188.13 1 1
compass/internal/metric/metric.go:177.22,180.4 2 1
compass/internal/metric/metric.go:184.17,186.4 1 0
compass/internal/metric/metric.go:191.16,193.3 1 1
compass/internal/metric/metric.go:198.48,199.53 1 1
compass/internal/metric/metric.go:213.2,213.16 1 1
compass/internal/metric/metric.go:217.2,217.12 1 1
compass/internal/metric/metric.go:199.53,201.22 2 1
compass/internal/metric/metric.go:206.3,207.17 2 1
compass/internal/metric/metric.go:211.3,211.13 1 1
compass/internal/metric/metric.go:201.22,204.4 2 0
compass/internal/metric/metric.go:207.17,209.4 1 0
compass/internal/metric/metric.go:213.16,216.3 2 0
compass/internal/metric/metric.go:220.57,221.24 1 0
compass/internal/metric/metric.go:225.2,225.30 1 0
compass/internal/metric/metric.go:221.24,223.3 1 0
compass/internal/metric/metric.go:228.62,230.16 2 1
compass/internal/metric/metric.go:236.2,237.16 2 1
compass/internal/metric/metric.go:242.2,243.16 2 0
compass/internal/metric/metric.go:248.2,251.24 3 0
compass/internal/metric/metric.go:259.2,259.168 1 0
compass/internal/metric/metric.go:230.16,234.3 3 1
compass/internal/metric/metric.go:237.16,240.3 2 1
compass/internal/metric/metric.go:243.16,246.3 2 0
compass/internal/metric/metric.go:251.24,257.3 1 0
compass/internal/metric/metric.go:262.85,264.16 2 1
compass/internal/metric/metric.go:270.2,271.16 2 1
compass/internal/metric/metric.go:276.2,277.16 2 0
compass/internal/metric/metric.go:282.2,285.24 3 0
compass/internal/metric/metric.go:293.2,293.230 1 0
compass/internal/metric/metric.go:264.16,268.3 3 1
compass/internal/metric/metric.go:271.16,274.3 2 1
compass/internal/metric/metric.go:277.16,280.3 2 0
compass/internal/metric/metric.go:285.24,291.3 1 0
compass/internal/metricsgroup/metricsgroup.go:35.71,38.29 2 1
compass/internal/metricsgroup/metricsgroup.go:42.2,42.39 1 1
compass/internal/metricsgroup/metricsgroup.go:46.2,46.61 1 1
compass/internal/metricsgroup/metricsgroup.go:50.2,50.12 1 1
compass/internal/metricsgroup/metricsgroup.go:38.29,40.3 1 1
compass/internal/metricsgroup/metricsgroup.go:42.39,44.3 1 1
compass/internal/metricsgroup/metricsgroup.go:46.61,48.3 1 1
compass/internal/metricsgroup/metricsgroup.go:71.36,73.2 1 0
compass/internal/metricsgroup/metricsgroup.go:75.61,77.16 2 1
compass/internal/metricsgroup/metricsgroup.go:82.2,82.62 1 1
compass/internal/metricsgroup/metricsgroup.go:87.2,89.32 3 1
compass/internal/metricsgroup/metricsgroup.go:94.2,94.12 1 1
compass/internal/metricsgroup/metricsgroup.go:77.16,80.3 2 0
compass/internal/metricsgroup/metricsgroup.go:82.62,85.3 2 1
compass/internal/metricsgroup/metricsgroup.go:89.32,92.3 2 1
compass/internal/metricsgroup/metricsgroup.go:97.74,100.16 3 1
compass/internal/metricsgroup/metricsgroup.go:104.2,104.30 1 1
compass/internal/metricsgroup/metricsgroup.go:100.16,103.3 2 1
compass/internal/metricsgroup/metricsgroup.go:107.52,110.21 3 1
compass/internal/metricsgroup/metricsgroup.go:114.2,114.27 1 1
compass/internal/metricsgroup/metricsgroup.go:110.21,113.3 2 0
compass/internal/metricsgroup/metricsgroup.go:117.62,118.40 1 0
compass/internal/metricsgroup/metricsgroup.go:124.2,124.14 1 0
compass/internal/metricsgroup/metricsgroup.go:118.40,119.65 1 0
compass/internal/metricsgroup/metricsgroup.go:119.65,121.4 1 0
compass/internal/metricsgroup/metricsgroup.go:127.112,128.33 1 0
compass/internal/metricsgroup/metricsgroup.go:132.2,132.63 1 0
compass/internal/metricsgroup/metricsgroup.go:136.2,136.28 1 0
compass/internal/metricsgroup/metricsgroup.go:128.33,130.3 1 0
compass/internal/metricsgroup/metricsgroup.go:132.63,134.3 1 0
compass/internal/metricsgroup/metricsgroup.go:139.79,144.20 4 0
compass/internal/metricsgroup/metricsgroup.go:151.2,151.21 1 0
compass/internal/metricsgroup/metricsgroup.go:156.2,156.38 1 0
compass/internal/metricsgroup/metricsgroup.go:168.2,170.33 2 0
compass/internal/metricsgroup/metricsgroup.go:144.20,146.3 1 0
compass/internal/metricsgroup/metricsgroup.go:146.8,149.3 2 0
compass/internal/metricsgroup/metricsgroup.go:151.21,154.3 2 0
compass/internal/metricsgroup/metricsgroup.go:156.38,166.3 2 0
compass/internal/metricsgroup/metricsgroup.go:173.76,175.59 1 0
compass/internal/metricsgroup/metricsgroup.go:175.59,179.88 1 0
compass/internal/metricsgroup/metricsgroup.go:183.3,183.44 1 0
compass/internal/metricsgroup/metricsgroup.go:187.3,187.44 1 0
compass/internal/metricsgroup/metricsgroup.go:191.3,191.82 1 0
compass/internal/metricsgroup/metricsgroup.go:195.3,195.82 1 0
compass/internal/metricsgroup/metricsgroup.go:199.3,199.99 1 0
compass/internal/metricsgroup/metricsgroup.go:203.3,203.91 1 0
compass/internal/metricsgroup/metricsgroup.go:179.88,181.4 1 0
compass/internal/metricsgroup/metricsgroup.go:183.44,185.4 1 0
compass/internal/metricsgroup/metricsgroup.go:187.44,189.4 1 0
compass/internal/metricsgroup/metricsgroup.go:191.82,193.4 1 0
compass/internal/metricsgroup/metricsgroup.go:195.82,197.4 1 0
compass/internal/metricsgroup/metricsgroup.go:199.99,201.4 1 0
compass/internal/metricsgroup/metricsgroup.go:208.72,210.21 2 1
compass/internal/metricsgroup/metricsgroup.go:214.2,214.26 1 1
compass/internal/metricsgroup/metricsgroup.go:210.21,213.3 2 0
compass/internal/metricsgroup/metricsgroup.go:217.60,220.21 3 1
compass/internal/metricsgroup/metricsgroup.go:224.2,224.26 1 1
compass/internal/metricsgroup/metricsgroup.go:220.21,223.3 2 1
compass/internal/metricsgroup/metricsgroup.go:227.82,230.21 3 1
compass/internal/metricsgroup/metricsgroup.go:234.2,234.27 1 1
compass/internal/metricsgroup/metricsgroup.go:230.21,233.3 2 0
compass/internal/metricsgroup/metricsgroup.go:237.85,239.21 2 1
compass/internal/metricsgroup/metricsgroup.go:243.2,243.26 1 1
compass/internal/metricsgroup/metricsgroup.go:239.21,242.3 2 0
compass/internal/metricsgroup/metricsgroup.go:246.42,248.21 2 1
compass/internal/metricsgroup/metricsgroup.go:252.2,252.12 1 1
compass/internal/metricsgroup/metricsgroup.go:248.21,251.3 2 0
compass/internal/metricsgroup/metricsgroup.go:255.97,258.16 3 0
compass/internal/metricsgroup/metricsgroup.go:264.2,264.36 1 0
compass/internal/metricsgroup/metricsgroup.go:268.2,268.46 1 0
compass/internal/metricsgroup/metricsgroup.go:283.2,283.27 1 0
compass/internal/metricsgroup/metricsgroup.go:258.16,262.3 3 0
compass/internal/metricsgroup/metricsgroup.go:264.36,266.3 1 0
compass/internal/metricsgroup/metricsgroup.go:268.46,271.17 2 0
compass/internal/metricsgroup/metricsgroup.go:276.3,280.5 1 0
compass/internal/metricsgroup/metricsgroup.go:271.17,274.4 2 0
compass/internal/metricsgroup/metricsgroup.go:286.87,288.39 2 0
compass/internal/metricsgroup/metricsgroup.go:303.2,303.28 1 0
compass/internal/metricsgroup/metricsgroup.go:288.39,291.17 2 0
compass/internal/metricsgroup/metricsgroup.go:296.3,300.5 1 0
compass/internal/metricsgroup/metricsgroup.go:291.17,294.4 2 0
compass/internal/metricsgroup/metricsgroup.go:306.75,308.16 2 0
compass/internal/metricsgroup/metricsgroup.go:314.2,314.41 1 0
compass/internal/metricsgroup/metricsgroup.go:308.16,312.3 3 0
compass/internal/dispatcher/dispatcher.go:32.53,34.2 1 1
compass/internal/dispatcher/dispatcher.go:36.42,38.16 2 1
compass/internal/dispatcher/dispatcher.go:42.2,42.45 1 1
compass/internal/dispatcher/dispatcher.go:46.2,46.48 1 1
compass/internal/dispatcher/dispatcher.go:38.16,40.3 1 0
compass/internal/dispatcher/dispatcher.go:42.45,44.3 1 1
compass/internal/dispatcher/dispatcher.go:49.97,50.19 1 0
compass/internal/dispatcher/dispatcher.go:51.35,52.29 1 0
compass/internal/dispatcher/dispatcher.go:53.42,54.28 1 0
compass/internal/dispatcher/dispatcher.go:55.40,56.28 1 0
compass/internal/dispatcher/dispatcher.go:57.10,58.15 1 0
compass/internal/dispatcher/dispatcher.go:62.114,63.102 1 0
compass/internal/dispatcher/dispatcher.go:67.2,67.28 1 0
compass/internal/dispatcher/dispatcher.go:63.102,65.3 1 0
compass/internal/dispatcher/dispatcher.go:70.81,75.16 4 1
compass/internal/dispatcher/dispatcher.go:79.2,80.16 2 1
compass/internal/dispatcher/dispatcher.go:87.2,87.85 1 0
compass/internal/dispatcher/dispatcher.go:75.16,77.3 1 0
compass/internal/dispatcher/dispatcher.go:80.16,85.3 4 1
compass/internal/dispatcher/dispatcher.go:87.85,96.3 2 0
compass/internal/dispatcher/dispatcher.go:99.68,101.2 1 1
compass/internal/dispatcher/dispatcher.go:103.63,105.16 2 1
compass/internal/dispatcher/dispatcher.go:110.2,111.6 2 1
compass/internal/dispatcher/dispatcher.go:105.16,108.3 2 0
compass/internal/dispatcher/dispatcher.go:111.6,112.10 1 1
compass/internal/dispatcher/dispatcher.go:113.19,114.25 1 1
compass/internal/dispatcher/dispatcher.go:115.19,116.14 1 1
compass/internal/configuration/configuration.go:26.63,35.16 2 1
compass/internal/configuration/configuration.go:39.2,40.16 2 1
compass/internal/configuration/configuration.go:44.2,48.16 2 1
compass/internal/configuration/configuration.go:52.2,52.61 1 1
compass/internal/configuration/configuration.go:56.2,56.16 1 1
compass/internal/configuration/configuration.go:35.16,37.3 1 0
compass/internal/configuration/configuration.go:40.16,42.3 1 0
compass/internal/configuration/configuration.go:48.16,50.3 1 0
compass/internal/configuration/configuration.go:52.61,54.3 1 0
compass/internal/configuration/configuration.go:59.52,61.15 2 1
compass/internal/configuration/configuration.go:65.2,65.12 1 1
compass/internal/configuration/configuration.go:61.15,63.3 1 1
compass/internal/util/developer.go:7.32,9.2 1 0
compass/internal/plugin/plugin.go:21.65,23.2 1 1
compass/internal/plugin/plugin.go:25.66,29.2 3 1
compass/internal/plugin/plugin.go:31.46,35.16 3 1
compass/internal/plugin/plugin.go:40.2,40.29 1 1
compass/internal/plugin/plugin.go:49.2,49.21 1 1
compass/internal/plugin/plugin.go:35.16,38.3 2 1
compass/internal/plugin/plugin.go:40.29,41.43 1 1
compass/internal/plugin/plugin.go:41.43,46.4 1 1
compass/internal/plugin/plugin.go:52.69,55.2 2 1
compass/internal/metricsgroup/main.go:39.12,41.2 1 1
compass/internal/util/model.go:15.67,18.2 2 1
compass/internal/plugin/main.go:15.25,17.2 1 1
