mode: atomic
octopipe/pkg/cloudprovider/generic/generic.go:33.76,35.2 1 0
octopipe/pkg/cloudprovider/generic/generic.go:37.80,39.16 2 0
octopipe/pkg/cloudprovider/generic/generic.go:43.2,43.41 1 0
octopipe/pkg/cloudprovider/generic/generic.go:39.16,41.3 1 0
octopipe/pkg/cloudprovider/generic/generic.go:46.79,48.16 2 4
octopipe/pkg/cloudprovider/generic/generic.go:52.2,53.16 2 3
octopipe/pkg/cloudprovider/generic/generic.go:57.2,58.16 2 2
octopipe/pkg/cloudprovider/generic/generic.go:62.2,71.24 2 1
octopipe/pkg/cloudprovider/generic/generic.go:48.16,50.3 1 1
octopipe/pkg/cloudprovider/generic/generic.go:53.16,55.3 1 1
octopipe/pkg/cloudprovider/generic/generic.go:58.16,60.3 1 1
octopipe/pkg/cloudprovider/generic/generic.go:74.69,76.2 1 4
octopipe/pkg/cloudprovider/generic/generic.go:78.80,80.2 1 3
octopipe/pkg/cloudprovider/generic/generic.go:82.72,84.2 1 2
octopipe/pkg/api/api.go:32.20,38.2 4 0
octopipe/pkg/api/api.go:40.35,42.2 1 0
octopipe/pkg/api/api.go:44.25,46.2 1 0
octopipe/pkg/api/execution.go:31.74,37.2 4 0
octopipe/pkg/api/execution.go:39.65,41.16 2 0
octopipe/pkg/api/execution.go:46.2,46.31 1 0
octopipe/pkg/api/execution.go:41.16,44.3 2 0
octopipe/pkg/api/execution.go:49.66,53.16 3 0
octopipe/pkg/api/execution.go:58.2,58.22 1 0
octopipe/pkg/api/execution.go:53.16,56.3 2 0
octopipe/pkg/api/execution.go:58.22,60.3 1 0
octopipe/pkg/api/execution.go:60.8,62.3 1 0
octopipe/pkg/api/pipeline.go:30.62,35.2 3 0
octopipe/pkg/api/pipeline.go:37.57,44.2 4 0
